TN:
SF:script/lazyDeploy.s.sol
DA:11,0
FN:11,lazyDeploy.run
FNDA:0,lazyDeploy.run
DA:12,0
DA:13,0
DA:14,0
DA:15,0
FNF:1
FNH:0
LF:5
LH:0
BRF:0
BRH:0
end_of_record
TN:
SF:script/rewardDeploy.s.sol
DA:12,0
FN:12,rewardDeploy.run
FNDA:0,rewardDeploy.run
DA:13,0
DA:14,0
DA:15,0
DA:17,0
FNF:1
FNH:0
LF:5
LH:0
BRF:0
BRH:0
end_of_record
TN:
SF:script/stakerDeploy.s.sol
DA:14,0
FN:14,stakerDeploy.run
FNDA:0,stakerDeploy.run
DA:15,0
DA:16,0
DA:17,0
DA:19,0
FNF:1
FNH:0
LF:5
LH:0
BRF:0
BRH:0
end_of_record
TN:
SF:src/LazyNFT.sol
DA:55,5
FN:55,LazyNFT.constructor
FNDA:5,LazyNFT.constructor
DA:60,5
DA:64,1
FN:64,LazyNFT.setAuthorizedSigner
FNDA:1,LazyNFT.setAuthorizedSigner
DA:65,1
DA:68,2
FN:68,LazyNFT.redeem
FNDA:2,LazyNFT.redeem
DA:70,2
BRDA:70,0,0,-
BRDA:70,0,1,2
DA:73,2
BRDA:73,1,0,-
BRDA:73,1,1,2
DA:76,2
DA:77,2
BRDA:77,2,0,-
BRDA:77,2,1,2
DA:80,2
DA:84,2
DA:85,2
DA:87,2
DA:91,3
FN:91,LazyNFT._verify
FNDA:3,LazyNFT._verify
DA:94,3
DA:95,3
DA:98,3
DA:101,3
DA:105,0
FN:105,LazyNFT.withdraw
FNDA:0,LazyNFT.withdraw
DA:106,0
DA:110,1
FN:110,LazyNFT.verify
FNDA:1,LazyNFT.verify
DA:111,1
FNF:6
FNH:5
LF:22
LH:20
BRF:6
BRH:3
end_of_record
TN:
SF:src/NFTStaker.sol
DA:39,7
FN:39,NFTStaker.constructor
FNDA:7,NFTStaker.constructor
DA:40,7
DA:41,7
DA:44,2
FN:44,NFTStaker.updateReward
FNDA:2,NFTStaker.updateReward
DA:45,2
DA:49,12
FN:49,NFTStaker._updateReward
FNDA:12,NFTStaker._updateReward
DA:50,12
DA:52,12
BRDA:52,0,0,12
DA:53,12
DA:54,12
DA:57,12
DA:60,0
FN:60,NFTStaker.rewardPerToken
FNDA:0,NFTStaker.rewardPerToken
DA:61,25
BRDA:61,1,0,16
DA:64,9
DA:67,1
FN:67,NFTStaker.earned
FNDA:1,NFTStaker.earned
DA:68,13
DA:71,8
FN:71,NFTStaker.stake
FNDA:8,NFTStaker.stake
DA:72,8
BRDA:72,2,0,2
BRDA:72,2,1,6
DA:75,6
DA:76,6
DA:77,6
DA:80,6
DA:82,6
DA:85,2
FN:85,NFTStaker.unstake
FNDA:2,NFTStaker.unstake
DA:86,2
BRDA:86,3,0,-
BRDA:86,3,1,2
DA:89,2
DA:90,2
DA:94,2
DA:96,2
DA:99,2
FN:99,NFTStaker.claimReward
FNDA:2,NFTStaker.claimReward
DA:100,2
DA:101,2
BRDA:101,4,0,-
BRDA:101,4,1,2
DA:104,2
DA:107,2
DA:109,2
DA:115,6
FN:115,NFTStaker.onERC721Received
FNDA:6,NFTStaker.onERC721Received
DA:116,6
FNF:9
FNH:8
LF:37
LH:36
BRF:8
BRH:6
end_of_record
TN:
SF:src/RewardToken.sol
DA:19,2
FN:19,RewardToken.onlyStakingContract
FNDA:2,RewardToken.onlyStakingContract
DA:20,2
DA:24,4
FN:24,RewardToken._onlyStakingContract
FNDA:4,RewardToken._onlyStakingContract
DA:25,4
BRDA:25,0,0,-
BRDA:25,0,1,4
DA:32,5
FN:32,RewardToken.constructor
FNDA:5,RewardToken.constructor
DA:33,5
DA:41,2
FN:41,RewardToken.setStakingContract
FNDA:2,RewardToken.setStakingContract
DA:42,2
BRDA:42,1,0,-
BRDA:42,1,1,2
DA:43,2
BRDA:43,2,0,-
BRDA:43,2,1,2
DA:45,2
DA:47,2
DA:56,2
FN:56,RewardToken.mint
FNDA:2,RewardToken.mint
DA:57,2
DA:58,2
FNF:5
FNH:5
LF:14
LH:14
BRF:6
BRH:3
end_of_record
TN:
SF:test/unit/stake.t.sol
DA:15,1
FN:15,Mock20.mint.0
FNDA:1,Mock20.mint.0
DA:16,1
DA:23,6
FN:23,MockNFT.mint.1
FNDA:6,MockNFT.mint.1
DA:24,6
FNF:2
FNH:2
LF:4
LH:4
BRF:0
BRH:0
end_of_record
